<?xml version="1.0" encoding="UTF-8"?>
<!-- Generated by org.testng.reporters.JUnitXMLReporter -->
<testsuite hostname="Admin-PC" name="Google Search" tests="12" failures="2" timestamp="6 Sep 2019 06:13:57 GMT" time="193.977" errors="0">
  <testcase name="GooglepageTitleTest" time="0.437" classname="google.qa.Testcases.SearchPageTest"/>
  <testcase name="GoogleLogoImageTest" time="0.211" classname="google.qa.Testcases.SearchPageTest"/>
  <testcase name="GooglesearchtextTest" time="0.109" classname="google.qa.Testcases.SearchPageTest"/>
  <testcase name="Googlesearchwithnovalue" time="0.94" classname="google.qa.Testcases.SearchPageTest"/>
  <testcase name="Googlesearchwithspecialchar" time="1.549" classname="google.qa.Testcases.SearchPageTest"/>
  <testcase name="Googlebtn" time="0.633" classname="google.qa.Testcases.SearchPageTest"/>
  <testcase name="GoogleLanguagelnk" time="16.809" classname="google.qa.Testcases.SearchPageTest"/>
  <testcase name="Googleautosearch" time="0.0" classname="google.qa.Testcases.SearchPageTest">
    <skipped/>
  </testcase> <!-- Googleautosearch -->
  <testcase name="validategooglesigninTest" time="13.812" classname="google.qa.Testcases.SearchPageTest"/>
  <testcase name="validategooglegmaillnkTest" time="11.229" classname="google.qa.Testcases.SearchPageTest">
    <failure type="java.lang.AssertionError" message="expected [Gmail] but found [Gmail - Free Storage and Email from Google]">
      <![CDATA[java.lang.AssertionError: expected [Gmail] but found [Gmail - Free Storage and Email from Google]
	at google.qa.Testcases.SearchPageTest.validategooglegmaillnkTest(SearchPageTest.java:127)
... Removed 30 stack frames]]>
    </failure>
  </testcase> <!-- validategooglegmaillnkTest -->
  <testcase name="validategoogleimgTest" time="2.386" classname="google.qa.Testcases.SearchPageTest"/>
  <testcase name="Googleaapps" time="21.628" classname="google.qa.Testcases.SearchPageTest">
    <failure type="java.lang.ClassCastException" message="java.util.ArrayList cannot be cast to org.openqa.selenium.WebElement">
      <![CDATA[java.lang.ClassCastException: java.util.ArrayList cannot be cast to org.openqa.selenium.WebElement
	at google.qa.searchpage.Searchpage.Validategoogleapps(Searchpage.java:137)
	at google.qa.Testcases.SearchPageTest.Googleaapps(SearchPageTest.java:145)
... Removed 24 stack frames]]>
    </failure>
  </testcase> <!-- Googleaapps -->
</testsuite> <!-- Google Search -->
