<?xml version="1.0" encoding="UTF-8"?>
<!-- Generated by org.testng.reporters.JUnitReportReporter -->
<testsuite hostname="Admin-PC" name="google.qa.Testcases.SearchPageTest" tests="13" failures="0" timestamp="6 Sep 2019 12:34:52 GMT" time="287.769" errors="1">
  <testcase name="GoogleLanguagelnk" time="84.345" classname="google.qa.Testcases.SearchPageTest"/>
  <testcase name="Googleautosearch" time="31.005" classname="google.qa.Testcases.SearchPageTest"/>
  <testcase name="Googlebtn" time="11.193" classname="google.qa.Testcases.SearchPageTest"/>
  <testcase name="GooglesearchtextTest" time="10.620" classname="google.qa.Testcases.SearchPageTest"/>
  <testcase name="validategooglesigninTest" time="18.550" classname="google.qa.Testcases.SearchPageTest"/>
  <testcase name="Googleaapps" time="14.998" classname="google.qa.Testcases.SearchPageTest">
    <error type="java.lang.ClassCastException" message="java.util.ArrayList cannot be cast to org.openqa.selenium.WebElement">
      <![CDATA[java.lang.ClassCastException: java.util.ArrayList cannot be cast to org.openqa.selenium.WebElement
	at google.qa.searchpage.Searchpage.Validategoogleapps(Searchpage.java:140)
	at google.qa.Testcases.SearchPageTest.Googleaapps(SearchPageTest.java:142)
	at sun.reflect.NativeMethodAccessorImpl.invoke0(Native Method)
	at sun.reflect.NativeMethodAccessorImpl.invoke(Unknown Source)
	at sun.reflect.DelegatingMethodAccessorImpl.invoke(Unknown Source)
	at java.lang.reflect.Method.invoke(Unknown Source)
	at org.testng.internal.MethodInvocationHelper.invokeMethod(MethodInvocationHelper.java:86)
	at org.testng.internal.Invoker.invokeMethod(Invoker.java:645)
	at org.testng.internal.Invoker.invokeTestMethod(Invoker.java:822)
	at org.testng.internal.Invoker.invokeTestMethods(Invoker.java:1130)
	at org.testng.internal.TestMethodWorker.invokeTestMethods(TestMethodWorker.java:129)
	at org.testng.internal.TestMethodWorker.run(TestMethodWorker.java:112)
	at org.testng.TestRunner.privateRun(TestRunner.java:782)
	at org.testng.TestRunner.run(TestRunner.java:632)
	at org.testng.SuiteRunner.runTest(SuiteRunner.java:366)
	at org.testng.SuiteRunner.runSequentially(SuiteRunner.java:361)
	at org.testng.SuiteRunner.privateRun(SuiteRunner.java:319)
	at org.testng.SuiteRunner.run(SuiteRunner.java:268)
	at org.testng.SuiteRunnerWorker.runSuite(SuiteRunnerWorker.java:52)
	at org.testng.SuiteRunnerWorker.run(SuiteRunnerWorker.java:86)
	at org.testng.TestNG.runSuitesSequentially(TestNG.java:1244)
	at org.testng.TestNG.runSuitesLocally(TestNG.java:1169)
	at org.testng.TestNG.run(TestNG.java:1064)
	at org.testng.remote.RemoteTestNG.run(RemoteTestNG.java:113)
	at org.testng.remote.RemoteTestNG.initAndRun(RemoteTestNG.java:206)
	at org.testng.remote.RemoteTestNG.main(RemoteTestNG.java:177)
]]>
    </error>
  </testcase> <!-- Googleaapps -->
  <testcase name="Googlesearchwithnovalue" time="10.638" classname="google.qa.Testcases.SearchPageTest"/>
  <testcase name="Googleautosearch" time="22.679" classname="google.qa.Testcases.SearchPageTest"/>
  <testcase name="validategooglegmaillnkTest" time="26.028" classname="google.qa.Testcases.SearchPageTest"/>
  <testcase name="GoogleLogoImageTest" time="10.563" classname="google.qa.Testcases.SearchPageTest"/>
  <testcase name="Googlesearchwithspecialchar" time="13.244" classname="google.qa.Testcases.SearchPageTest"/>
  <testcase name="GooglepageTitleTest" time="11.141" classname="google.qa.Testcases.SearchPageTest"/>
  <testcase name="validategoogleimgTest" time="22.765" classname="google.qa.Testcases.SearchPageTest"/>
</testsuite> <!-- google.qa.Testcases.SearchPageTest -->
