<?xml version="1.0" encoding="UTF-8"?>
<testng-results skipped="0" failed="1" total="13" passed="12">
  <reporter-output>
  </reporter-output>
  <suite name="Suite" duration-ms="288825" started-at="2019-09-06T12:30:03Z" finished-at="2019-09-06T12:34:52Z">
    <groups>
    </groups>
    <test name="Test" duration-ms="288825" started-at="2019-09-06T12:30:03Z" finished-at="2019-09-06T12:34:52Z">
      <class name="google.qa.Testcases.SearchPageTest">
        <test-method status="PASS" signature="setUp()[pri:0, instance:google.qa.Testcases.SearchPageTest@17e2f02]" name="setUp" is-config="true" duration-ms="17104" started-at="2019-09-06T18:00:03Z" finished-at="2019-09-06T18:00:21Z">
          <reporter-output>
          </reporter-output>
        </test-method> <!-- setUp -->
        <test-method status="PASS" signature="GooglepageTitleTest()[pri:1, instance:google.qa.Testcases.SearchPageTest@17e2f02]" name="GooglepageTitleTest" duration-ms="203" started-at="2019-09-06T18:00:21Z" finished-at="2019-09-06T18:00:21Z">
          <reporter-output>
          </reporter-output>
        </test-method> <!-- GooglepageTitleTest -->
        <test-method status="PASS" signature="getResult(org.testng.ITestResult)[pri:0, instance:google.qa.Testcases.SearchPageTest@17e2f02]" name="getResult" is-config="true" duration-ms="2910" started-at="2019-09-06T18:00:21Z" finished-at="2019-09-06T18:00:24Z">
          <params>
            <param index="0">
              <value>
                <![CDATA[[TestResult name=GooglepageTitleTest status=SUCCESS method=SearchPageTest.GooglepageTitleTest()[pri:1, instance:google.qa.Testcases.SearchPageTest@17e2f02] output={null}]]]>
              </value>
            </param>
          </params>
          <reporter-output>
          </reporter-output>
        </test-method> <!-- getResult -->
        <test-method status="PASS" signature="setUp()[pri:0, instance:google.qa.Testcases.SearchPageTest@17e2f02]" name="setUp" is-config="true" duration-ms="9478" started-at="2019-09-06T18:00:24Z" finished-at="2019-09-06T18:00:33Z">
          <reporter-output>
          </reporter-output>
        </test-method> <!-- setUp -->
        <test-method status="PASS" signature="GoogleLogoImageTest()[pri:2, instance:google.qa.Testcases.SearchPageTest@17e2f02]" name="GoogleLogoImageTest" duration-ms="205" started-at="2019-09-06T18:00:33Z" finished-at="2019-09-06T18:00:33Z">
          <reporter-output>
          </reporter-output>
        </test-method> <!-- GoogleLogoImageTest -->
        <test-method status="PASS" signature="getResult(org.testng.ITestResult)[pri:0, instance:google.qa.Testcases.SearchPageTest@17e2f02]" name="getResult" is-config="true" duration-ms="1044" started-at="2019-09-06T18:00:33Z" finished-at="2019-09-06T18:00:34Z">
          <params>
            <param index="0">
              <value>
                <![CDATA[[TestResult name=GoogleLogoImageTest status=SUCCESS method=SearchPageTest.GoogleLogoImageTest()[pri:2, instance:google.qa.Testcases.SearchPageTest@17e2f02] output={null}]]]>
              </value>
            </param>
          </params>
          <reporter-output>
          </reporter-output>
        </test-method> <!-- getResult -->
        <test-method status="PASS" signature="setUp()[pri:0, instance:google.qa.Testcases.SearchPageTest@17e2f02]" name="setUp" is-config="true" duration-ms="9422" started-at="2019-09-06T18:00:34Z" finished-at="2019-09-06T18:00:44Z">
          <reporter-output>
          </reporter-output>
        </test-method> <!-- setUp -->
        <test-method status="PASS" signature="GooglesearchtextTest()[pri:3, instance:google.qa.Testcases.SearchPageTest@17e2f02]" name="GooglesearchtextTest" duration-ms="154" started-at="2019-09-06T18:00:44Z" finished-at="2019-09-06T18:00:44Z">
          <reporter-output>
          </reporter-output>
        </test-method> <!-- GooglesearchtextTest -->
        <test-method status="PASS" signature="getResult(org.testng.ITestResult)[pri:0, instance:google.qa.Testcases.SearchPageTest@17e2f02]" name="getResult" is-config="true" duration-ms="1012" started-at="2019-09-06T18:00:44Z" finished-at="2019-09-06T18:00:45Z">
          <params>
            <param index="0">
              <value>
                <![CDATA[[TestResult name=GooglesearchtextTest status=SUCCESS method=SearchPageTest.GooglesearchtextTest()[pri:3, instance:google.qa.Testcases.SearchPageTest@17e2f02] output={null}]]]>
              </value>
            </param>
          </params>
          <reporter-output>
          </reporter-output>
        </test-method> <!-- getResult -->
        <test-method status="PASS" signature="setUp()[pri:0, instance:google.qa.Testcases.SearchPageTest@17e2f02]" name="setUp" is-config="true" duration-ms="9907" started-at="2019-09-06T18:00:45Z" finished-at="2019-09-06T18:00:55Z">
          <reporter-output>
          </reporter-output>
        </test-method> <!-- setUp -->
        <test-method status="PASS" signature="Googlesearchwithnovalue()[pri:4, instance:google.qa.Testcases.SearchPageTest@17e2f02]" name="Googlesearchwithnovalue" duration-ms="306" started-at="2019-09-06T18:00:55Z" finished-at="2019-09-06T18:00:55Z">
          <reporter-output>
          </reporter-output>
        </test-method> <!-- Googlesearchwithnovalue -->
        <test-method status="PASS" signature="getResult(org.testng.ITestResult)[pri:0, instance:google.qa.Testcases.SearchPageTest@17e2f02]" name="getResult" is-config="true" duration-ms="972" started-at="2019-09-06T18:00:55Z" finished-at="2019-09-06T18:00:56Z">
          <params>
            <param index="0">
              <value>
                <![CDATA[[TestResult name=Googlesearchwithnovalue status=SUCCESS method=SearchPageTest.Googlesearchwithnovalue()[pri:4, instance:google.qa.Testcases.SearchPageTest@17e2f02] output={null}]]]>
              </value>
            </param>
          </params>
          <reporter-output>
          </reporter-output>
        </test-method> <!-- getResult -->
        <test-method status="PASS" signature="setUp()[pri:0, instance:google.qa.Testcases.SearchPageTest@17e2f02]" name="setUp" is-config="true" duration-ms="9368" started-at="2019-09-06T18:00:56Z" finished-at="2019-09-06T18:01:06Z">
          <reporter-output>
          </reporter-output>
        </test-method> <!-- setUp -->
        <test-method status="PASS" signature="Googlesearchwithspecialchar()[pri:5, instance:google.qa.Testcases.SearchPageTest@17e2f02]" name="Googlesearchwithspecialchar" duration-ms="960" started-at="2019-09-06T18:01:06Z" finished-at="2019-09-06T18:01:06Z">
          <reporter-output>
          </reporter-output>
        </test-method> <!-- Googlesearchwithspecialchar -->
        <test-method status="PASS" signature="getResult(org.testng.ITestResult)[pri:0, instance:google.qa.Testcases.SearchPageTest@17e2f02]" name="getResult" is-config="true" duration-ms="992" started-at="2019-09-06T18:01:06Z" finished-at="2019-09-06T18:01:07Z">
          <params>
            <param index="0">
              <value>
                <![CDATA[[TestResult name=Googlesearchwithspecialchar status=SUCCESS method=SearchPageTest.Googlesearchwithspecialchar()[pri:5, instance:google.qa.Testcases.SearchPageTest@17e2f02] output={null}]]]>
              </value>
            </param>
          </params>
          <reporter-output>
          </reporter-output>
        </test-method> <!-- getResult -->
        <test-method status="PASS" signature="setUp()[pri:0, instance:google.qa.Testcases.SearchPageTest@17e2f02]" name="setUp" is-config="true" duration-ms="9386" started-at="2019-09-06T18:01:07Z" finished-at="2019-09-06T18:01:17Z">
          <reporter-output>
          </reporter-output>
        </test-method> <!-- setUp -->
        <test-method status="PASS" signature="Googlebtn()[pri:6, instance:google.qa.Testcases.SearchPageTest@17e2f02]" name="Googlebtn" duration-ms="457" started-at="2019-09-06T18:01:17Z" finished-at="2019-09-06T18:01:17Z">
          <reporter-output>
          </reporter-output>
        </test-method> <!-- Googlebtn -->
        <test-method status="PASS" signature="getResult(org.testng.ITestResult)[pri:0, instance:google.qa.Testcases.SearchPageTest@17e2f02]" name="getResult" is-config="true" duration-ms="975" started-at="2019-09-06T18:01:17Z" finished-at="2019-09-06T18:01:18Z">
          <params>
            <param index="0">
              <value>
                <![CDATA[[TestResult name=Googlebtn status=SUCCESS method=SearchPageTest.Googlebtn()[pri:6, instance:google.qa.Testcases.SearchPageTest@17e2f02] output={null}]]]>
              </value>
            </param>
          </params>
          <reporter-output>
          </reporter-output>
        </test-method> <!-- getResult -->
        <test-method status="PASS" signature="setUp()[pri:0, instance:google.qa.Testcases.SearchPageTest@17e2f02]" name="setUp" is-config="true" duration-ms="10948" started-at="2019-09-06T18:01:18Z" finished-at="2019-09-06T18:01:29Z">
          <reporter-output>
          </reporter-output>
        </test-method> <!-- setUp -->
        <test-method status="PASS" signature="GoogleLanguagelnk()[pri:7, instance:google.qa.Testcases.SearchPageTest@17e2f02]" name="GoogleLanguagelnk" duration-ms="71942" started-at="2019-09-06T18:01:29Z" finished-at="2019-09-06T18:02:41Z">
          <reporter-output>
          </reporter-output>
        </test-method> <!-- GoogleLanguagelnk -->
        <test-method status="PASS" signature="getResult(org.testng.ITestResult)[pri:0, instance:google.qa.Testcases.SearchPageTest@17e2f02]" name="getResult" is-config="true" duration-ms="1014" started-at="2019-09-06T18:02:41Z" finished-at="2019-09-06T18:02:42Z">
          <params>
            <param index="0">
              <value>
                <![CDATA[[TestResult name=GoogleLanguagelnk status=SUCCESS method=SearchPageTest.GoogleLanguagelnk()[pri:7, instance:google.qa.Testcases.SearchPageTest@17e2f02] output={null}]]]>
              </value>
            </param>
          </params>
          <reporter-output>
          </reporter-output>
        </test-method> <!-- getResult -->
        <test-method status="PASS" signature="setUp()[pri:0, instance:google.qa.Testcases.SearchPageTest@17e2f02]" name="setUp" is-config="true" duration-ms="9778" started-at="2019-09-06T18:02:43Z" finished-at="2019-09-06T18:02:53Z">
          <reporter-output>
          </reporter-output>
        </test-method> <!-- setUp -->
        <test-method status="PASS" signature="Googleautosearch(java.lang.String)[pri:8, instance:google.qa.Testcases.SearchPageTest@17e2f02]" name="Googleautosearch" duration-ms="12319" started-at="2019-09-06T18:02:53Z" data-provider="getgooglesearchTestData" finished-at="2019-09-06T18:03:05Z">
          <params>
            <param index="0">
              <value>
                <![CDATA[Selenium]]>
              </value>
            </param>
          </params>
          <reporter-output>
          </reporter-output>
        </test-method> <!-- Googleautosearch -->
        <test-method status="PASS" signature="getResult(org.testng.ITestResult)[pri:0, instance:google.qa.Testcases.SearchPageTest@17e2f02]" name="getResult" is-config="true" duration-ms="978" started-at="2019-09-06T18:03:05Z" finished-at="2019-09-06T18:03:06Z">
          <params>
            <param index="0">
              <value>
                <![CDATA[[TestResult name=Googleautosearch status=SUCCESS method=SearchPageTest.Googleautosearch(java.lang.String)[pri:8, instance:google.qa.Testcases.SearchPageTest@17e2f02] output={null}]]]>
              </value>
            </param>
          </params>
          <reporter-output>
          </reporter-output>
        </test-method> <!-- getResult -->
        <test-method status="PASS" signature="setUp()[pri:0, instance:google.qa.Testcases.SearchPageTest@17e2f02]" name="setUp" is-config="true" duration-ms="10870" started-at="2019-09-06T18:03:06Z" finished-at="2019-09-06T18:03:17Z">
          <reporter-output>
          </reporter-output>
        </test-method> <!-- setUp -->
        <test-method status="PASS" signature="Googleautosearch(java.lang.String)[pri:8, instance:google.qa.Testcases.SearchPageTest@17e2f02]" name="Googleautosearch" duration-ms="20346" started-at="2019-09-06T18:03:17Z" data-provider="getgooglesearchTestData" finished-at="2019-09-06T18:03:37Z">
          <params>
            <param index="0">
              <value>
                <![CDATA[Test yantra]]>
              </value>
            </param>
          </params>
          <reporter-output>
          </reporter-output>
        </test-method> <!-- Googleautosearch -->
        <test-method status="PASS" signature="getResult(org.testng.ITestResult)[pri:0, instance:google.qa.Testcases.SearchPageTest@17e2f02]" name="getResult" is-config="true" duration-ms="1055" started-at="2019-09-06T18:03:37Z" finished-at="2019-09-06T18:03:39Z">
          <params>
            <param index="0">
              <value>
                <![CDATA[[TestResult name=Googleautosearch status=SUCCESS method=SearchPageTest.Googleautosearch(java.lang.String)[pri:8, instance:google.qa.Testcases.SearchPageTest@17e2f02] output={null}]]]>
              </value>
            </param>
          </params>
          <reporter-output>
          </reporter-output>
        </test-method> <!-- getResult -->
        <test-method status="PASS" signature="setUp()[pri:0, instance:google.qa.Testcases.SearchPageTest@17e2f02]" name="setUp" is-config="true" duration-ms="9318" started-at="2019-09-06T18:03:39Z" finished-at="2019-09-06T18:03:48Z">
          <reporter-output>
          </reporter-output>
        </test-method> <!-- setUp -->
        <test-method status="PASS" signature="validategooglesigninTest()[pri:9, instance:google.qa.Testcases.SearchPageTest@17e2f02]" name="validategooglesigninTest" duration-ms="6863" started-at="2019-09-06T18:03:48Z" finished-at="2019-09-06T18:03:55Z">
          <reporter-output>
          </reporter-output>
        </test-method> <!-- validategooglesigninTest -->
        <test-method status="PASS" signature="getResult(org.testng.ITestResult)[pri:0, instance:google.qa.Testcases.SearchPageTest@17e2f02]" name="getResult" is-config="true" duration-ms="1044" started-at="2019-09-06T18:03:55Z" finished-at="2019-09-06T18:03:56Z">
          <params>
            <param index="0">
              <value>
                <![CDATA[[TestResult name=validategooglesigninTest status=SUCCESS method=SearchPageTest.validategooglesigninTest()[pri:9, instance:google.qa.Testcases.SearchPageTest@17e2f02] output={null}]]]>
              </value>
            </param>
          </params>
          <reporter-output>
          </reporter-output>
        </test-method> <!-- getResult -->
        <test-method status="PASS" signature="setUp()[pri:0, instance:google.qa.Testcases.SearchPageTest@17e2f02]" name="setUp" is-config="true" duration-ms="8777" started-at="2019-09-06T18:03:56Z" finished-at="2019-09-06T18:04:05Z">
          <reporter-output>
          </reporter-output>
        </test-method> <!-- setUp -->
        <test-method status="PASS" signature="validategooglegmaillnkTest()[pri:10, instance:google.qa.Testcases.SearchPageTest@17e2f02]" name="validategooglegmaillnkTest" duration-ms="15575" started-at="2019-09-06T18:04:05Z" finished-at="2019-09-06T18:04:20Z">
          <reporter-output>
          </reporter-output>
        </test-method> <!-- validategooglegmaillnkTest -->
        <test-method status="PASS" signature="getResult(org.testng.ITestResult)[pri:0, instance:google.qa.Testcases.SearchPageTest@17e2f02]" name="getResult" is-config="true" duration-ms="1336" started-at="2019-09-06T18:04:20Z" finished-at="2019-09-06T18:04:21Z">
          <params>
            <param index="0">
              <value>
                <![CDATA[[TestResult name=validategooglegmaillnkTest status=SUCCESS method=SearchPageTest.validategooglegmaillnkTest()[pri:10, instance:google.qa.Testcases.SearchPageTest@17e2f02] output={null}]]]>
              </value>
            </param>
          </params>
          <reporter-output>
          </reporter-output>
        </test-method> <!-- getResult -->
        <test-method status="PASS" signature="setUp()[pri:0, instance:google.qa.Testcases.SearchPageTest@17e2f02]" name="setUp" is-config="true" duration-ms="9724" started-at="2019-09-06T18:04:21Z" finished-at="2019-09-06T18:04:31Z">
          <reporter-output>
          </reporter-output>
        </test-method> <!-- setUp -->
        <test-method status="PASS" signature="validategoogleimgTest()[pri:11, instance:google.qa.Testcases.SearchPageTest@17e2f02]" name="validategoogleimgTest" duration-ms="4606" started-at="2019-09-06T18:04:31Z" finished-at="2019-09-06T18:04:36Z">
          <reporter-output>
          </reporter-output>
        </test-method> <!-- validategoogleimgTest -->
        <test-method status="PASS" signature="getResult(org.testng.ITestResult)[pri:0, instance:google.qa.Testcases.SearchPageTest@17e2f02]" name="getResult" is-config="true" duration-ms="1031" started-at="2019-09-06T18:04:36Z" finished-at="2019-09-06T18:04:37Z">
          <params>
            <param index="0">
              <value>
                <![CDATA[[TestResult name=validategoogleimgTest status=SUCCESS method=SearchPageTest.validategoogleimgTest()[pri:11, instance:google.qa.Testcases.SearchPageTest@17e2f02] output={null}]]]>
              </value>
            </param>
          </params>
          <reporter-output>
          </reporter-output>
        </test-method> <!-- getResult -->
        <test-method status="PASS" signature="setUp()[pri:0, instance:google.qa.Testcases.SearchPageTest@17e2f02]" name="setUp" is-config="true" duration-ms="9615" started-at="2019-09-06T18:04:37Z" finished-at="2019-09-06T18:04:46Z">
          <reporter-output>
          </reporter-output>
        </test-method> <!-- setUp -->
        <test-method status="FAIL" signature="Googleaapps()[pri:12, instance:google.qa.Testcases.SearchPageTest@17e2f02]" name="Googleaapps" duration-ms="4242" started-at="2019-09-06T18:04:46Z" finished-at="2019-09-06T18:04:51Z">
          <exception class="java.lang.ClassCastException">
            <message>
              <![CDATA[java.util.ArrayList cannot be cast to org.openqa.selenium.WebElement]]>
            </message>
            <full-stacktrace>
              <![CDATA[java.lang.ClassCastException: java.util.ArrayList cannot be cast to org.openqa.selenium.WebElement
	at google.qa.searchpage.Searchpage.Validategoogleapps(Searchpage.java:140)
	at google.qa.Testcases.SearchPageTest.Googleaapps(SearchPageTest.java:142)
	at sun.reflect.NativeMethodAccessorImpl.invoke0(Native Method)
	at sun.reflect.NativeMethodAccessorImpl.invoke(Unknown Source)
	at sun.reflect.DelegatingMethodAccessorImpl.invoke(Unknown Source)
	at java.lang.reflect.Method.invoke(Unknown Source)
	at org.testng.internal.MethodInvocationHelper.invokeMethod(MethodInvocationHelper.java:86)
	at org.testng.internal.Invoker.invokeMethod(Invoker.java:645)
	at org.testng.internal.Invoker.invokeTestMethod(Invoker.java:822)
	at org.testng.internal.Invoker.invokeTestMethods(Invoker.java:1130)
	at org.testng.internal.TestMethodWorker.invokeTestMethods(TestMethodWorker.java:129)
	at org.testng.internal.TestMethodWorker.run(TestMethodWorker.java:112)
	at org.testng.TestRunner.privateRun(TestRunner.java:782)
	at org.testng.TestRunner.run(TestRunner.java:632)
	at org.testng.SuiteRunner.runTest(SuiteRunner.java:366)
	at org.testng.SuiteRunner.runSequentially(SuiteRunner.java:361)
	at org.testng.SuiteRunner.privateRun(SuiteRunner.java:319)
	at org.testng.SuiteRunner.run(SuiteRunner.java:268)
	at org.testng.SuiteRunnerWorker.runSuite(SuiteRunnerWorker.java:52)
	at org.testng.SuiteRunnerWorker.run(SuiteRunnerWorker.java:86)
	at org.testng.TestNG.runSuitesSequentially(TestNG.java:1244)
	at org.testng.TestNG.runSuitesLocally(TestNG.java:1169)
	at org.testng.TestNG.run(TestNG.java:1064)
	at org.testng.remote.RemoteTestNG.run(RemoteTestNG.java:113)
	at org.testng.remote.RemoteTestNG.initAndRun(RemoteTestNG.java:206)
	at org.testng.remote.RemoteTestNG.main(RemoteTestNG.java:177)
]]>
            </full-stacktrace>
          </exception> <!-- java.lang.ClassCastException -->
          <reporter-output>
          </reporter-output>
        </test-method> <!-- Googleaapps -->
        <test-method status="PASS" signature="getResult(org.testng.ITestResult)[pri:0, instance:google.qa.Testcases.SearchPageTest@17e2f02]" name="getResult" is-config="true" duration-ms="1533" started-at="2019-09-06T18:04:51Z" finished-at="2019-09-06T18:04:52Z">
          <params>
            <param index="0">
              <value>
                <![CDATA[[TestResult name=Googleaapps status=FAILURE method=SearchPageTest.Googleaapps()[pri:12, instance:google.qa.Testcases.SearchPageTest@17e2f02] output={null}]]]>
              </value>
            </param>
          </params>
          <reporter-output>
          </reporter-output>
        </test-method> <!-- getResult -->
      </class> <!-- google.qa.Testcases.SearchPageTest -->
    </test> <!-- Test -->
  </suite> <!-- Suite -->
</testng-results>
